2023-07-06T09:34:39.275Z error: There is an error There is an error
2023-07-06T09:36:21.678Z error: There is an error There is an error
2023-07-06T09:36:53.402Z error: Operation `cars.find()` buffering timed out after 10000ms Operation `cars.find()` buffering timed out after 10000ms
2023-07-06T09:38:18.029Z error: There is an error There is an error
2023-07-07T09:17:36.252Z error: Car validation failed: monthPrice: Path `monthPrice` is required., weekPrice: Path `weekPrice` is required., dayPrice: Path `dayPrice` is required. Car validation failed: monthPrice: Path `monthPrice` is required., weekPrice: Path `weekPrice` is required., dayPrice: Path `dayPrice` is required.
2023-07-07T09:18:27.992Z error: Car validation failed: monthPrice: Path `monthPrice` is required., weekPrice: Path `weekPrice` is required., dayPrice: Path `dayPrice` is required. Car validation failed: monthPrice: Path `monthPrice` is required., weekPrice: Path `weekPrice` is required., dayPrice: Path `dayPrice` is required.
2023-07-07T09:41:16.852Z error: Cast to ObjectId failed for value "undefined" (type string) at path "_id" for model "Car" Cast to ObjectId failed for value "undefined" (type string) at path "_id" for model "Car"
2023-07-07T09:41:16.898Z error: Cast to ObjectId failed for value "undefined" (type string) at path "_id" for model "Car" Cast to ObjectId failed for value "undefined" (type string) at path "_id" for model "Car"
2023-07-07T09:41:50.816Z error: Cast to ObjectId failed for value "undefined" (type string) at path "_id" for model "Car" Cast to ObjectId failed for value "undefined" (type string) at path "_id" for model "Car"
2023-07-07T09:42:02.218Z error: Cast to ObjectId failed for value "undefined" (type string) at path "_id" for model "Car" Cast to ObjectId failed for value "undefined" (type string) at path "_id" for model "Car"
2023-07-07T09:42:02.313Z error: Cast to ObjectId failed for value "undefined" (type string) at path "_id" for model "Car" Cast to ObjectId failed for value "undefined" (type string) at path "_id" for model "Car"
2023-07-07T09:42:02.440Z error: Cast to ObjectId failed for value "undefined" (type string) at path "_id" for model "Car" Cast to ObjectId failed for value "undefined" (type string) at path "_id" for model "Car"
2023-07-07T09:42:02.496Z error: Cast to ObjectId failed for value "undefined" (type string) at path "_id" for model "Car" Cast to ObjectId failed for value "undefined" (type string) at path "_id" for model "Car"
2023-07-07T09:42:10.658Z error: Cast to ObjectId failed for value "undefined" (type string) at path "_id" for model "Car" Cast to ObjectId failed for value "undefined" (type string) at path "_id" for model "Car"
2023-07-07T09:42:10.668Z error: Cast to ObjectId failed for value "undefined" (type string) at path "_id" for model "Car" Cast to ObjectId failed for value "undefined" (type string) at path "_id" for model "Car"
2023-07-07T09:42:51.799Z error: Cast to ObjectId failed for value "undefined" (type string) at path "_id" for model "Car" Cast to ObjectId failed for value "undefined" (type string) at path "_id" for model "Car"
2023-07-07T09:42:51.805Z error: Cast to ObjectId failed for value "undefined" (type string) at path "_id" for model "Car" Cast to ObjectId failed for value "undefined" (type string) at path "_id" for model "Car"
2023-07-07T09:44:59.452Z error: Cast to ObjectId failed for value "undefined" (type string) at path "_id" for model "Car" Cast to ObjectId failed for value "undefined" (type string) at path "_id" for model "Car"
2023-07-07T09:44:59.465Z error: Cast to ObjectId failed for value "undefined" (type string) at path "_id" for model "Car" Cast to ObjectId failed for value "undefined" (type string) at path "_id" for model "Car"
2023-07-07T09:45:33.764Z error: Cast to ObjectId failed for value "undefined" (type string) at path "_id" for model "Car" Cast to ObjectId failed for value "undefined" (type string) at path "_id" for model "Car"
2023-07-07T09:45:33.848Z error: Cast to ObjectId failed for value "undefined" (type string) at path "_id" for model "Car" Cast to ObjectId failed for value "undefined" (type string) at path "_id" for model "Car"
2023-07-07T09:45:38.349Z error: Cast to ObjectId failed for value "undefined" (type string) at path "_id" for model "Car" Cast to ObjectId failed for value "undefined" (type string) at path "_id" for model "Car"
2023-07-07T09:45:38.485Z error: Cast to ObjectId failed for value "undefined" (type string) at path "_id" for model "Car" Cast to ObjectId failed for value "undefined" (type string) at path "_id" for model "Car"
2023-07-07T09:45:42.380Z error: Cast to ObjectId failed for value "undefined" (type string) at path "_id" for model "Car" Cast to ObjectId failed for value "undefined" (type string) at path "_id" for model "Car"
2023-07-07T09:45:42.418Z error: Cast to ObjectId failed for value "undefined" (type string) at path "_id" for model "Car" Cast to ObjectId failed for value "undefined" (type string) at path "_id" for model "Car"
2023-07-07T09:48:24.294Z error: Cast to ObjectId failed for value "undefined" (type string) at path "_id" for model "Car" Cast to ObjectId failed for value "undefined" (type string) at path "_id" for model "Car"
2023-07-07T09:48:24.308Z error: Cast to ObjectId failed for value "undefined" (type string) at path "_id" for model "Car" Cast to ObjectId failed for value "undefined" (type string) at path "_id" for model "Car"
2023-07-07T09:50:42.859Z error: Cast to ObjectId failed for value "undefined" (type string) at path "_id" for model "Car" Cast to ObjectId failed for value "undefined" (type string) at path "_id" for model "Car"
2023-07-07T09:50:56.190Z error: Cast to ObjectId failed for value "undefined" (type string) at path "_id" for model "Car" Cast to ObjectId failed for value "undefined" (type string) at path "_id" for model "Car"
2023-07-07T09:50:56.197Z error: Cast to ObjectId failed for value "undefined" (type string) at path "_id" for model "Car" Cast to ObjectId failed for value "undefined" (type string) at path "_id" for model "Car"
2023-07-07T09:53:30.899Z error: Cast to ObjectId failed for value "undefined" (type string) at path "_id" for model "Car" Cast to ObjectId failed for value "undefined" (type string) at path "_id" for model "Car"
2023-07-07T09:53:49.498Z error: Cast to ObjectId failed for value "undefined" (type string) at path "_id" for model "Car" Cast to ObjectId failed for value "undefined" (type string) at path "_id" for model "Car"
2023-07-07T09:53:49.593Z error: Cast to ObjectId failed for value "undefined" (type string) at path "_id" for model "Car" Cast to ObjectId failed for value "undefined" (type string) at path "_id" for model "Car"
2023-07-07T09:53:55.516Z error: Cast to ObjectId failed for value "undefined" (type string) at path "_id" for model "Car" Cast to ObjectId failed for value "undefined" (type string) at path "_id" for model "Car"
2023-07-07T09:53:55.522Z error: Cast to ObjectId failed for value "undefined" (type string) at path "_id" for model "Car" Cast to ObjectId failed for value "undefined" (type string) at path "_id" for model "Car"
2023-07-07T10:03:02.616Z error: Cast to ObjectId failed for value "undefined" (type string) at path "_id" for model "Car" Cast to ObjectId failed for value "undefined" (type string) at path "_id" for model "Car"
2023-07-07T10:03:02.810Z error: Cast to ObjectId failed for value "undefined" (type string) at path "_id" for model "Car" Cast to ObjectId failed for value "undefined" (type string) at path "_id" for model "Car"
2023-07-07T10:03:07.755Z error: Cast to ObjectId failed for value "undefined" (type string) at path "_id" for model "Car" Cast to ObjectId failed for value "undefined" (type string) at path "_id" for model "Car"
2023-07-07T10:06:38.700Z error: Cast to ObjectId failed for value "undefined" (type string) at path "_id" for model "Car" Cast to ObjectId failed for value "undefined" (type string) at path "_id" for model "Car"
2023-07-07T10:06:38.713Z error: Cast to ObjectId failed for value "undefined" (type string) at path "_id" for model "Car" Cast to ObjectId failed for value "undefined" (type string) at path "_id" for model "Car"
2023-07-07T10:21:33.001Z error: Cast to ObjectId failed for value "undefined" (type string) at path "_id" for model "Car" Cast to ObjectId failed for value "undefined" (type string) at path "_id" for model "Car"
2023-07-07T10:21:33.049Z error: Cast to ObjectId failed for value "undefined" (type string) at path "_id" for model "Car" Cast to ObjectId failed for value "undefined" (type string) at path "_id" for model "Car"
2023-07-07T10:24:40.832Z error: Cast to ObjectId failed for value "undefined" (type string) at path "_id" for model "Car" Cast to ObjectId failed for value "undefined" (type string) at path "_id" for model "Car"
2023-07-07T10:24:53.114Z error: Cast to ObjectId failed for value "undefined" (type string) at path "_id" for model "Car" Cast to ObjectId failed for value "undefined" (type string) at path "_id" for model "Car"
2023-07-07T10:24:53.123Z error: Cast to ObjectId failed for value "undefined" (type string) at path "_id" for model "Car" Cast to ObjectId failed for value "undefined" (type string) at path "_id" for model "Car"
2023-07-07T10:25:02.372Z error: Cast to ObjectId failed for value "undefined" (type string) at path "_id" for model "Car" Cast to ObjectId failed for value "undefined" (type string) at path "_id" for model "Car"
2023-07-07T10:25:07.884Z error: Cast to ObjectId failed for value "undefined" (type string) at path "_id" for model "Car" Cast to ObjectId failed for value "undefined" (type string) at path "_id" for model "Car"
2023-07-07T10:25:07.895Z error: Cast to ObjectId failed for value "undefined" (type string) at path "_id" for model "Car" Cast to ObjectId failed for value "undefined" (type string) at path "_id" for model "Car"
2023-07-07T10:25:27.355Z error: Cast to ObjectId failed for value "undefined" (type string) at path "_id" for model "Car" Cast to ObjectId failed for value "undefined" (type string) at path "_id" for model "Car"
2023-07-07T10:25:27.566Z error: Cast to ObjectId failed for value "undefined" (type string) at path "_id" for model "Car" Cast to ObjectId failed for value "undefined" (type string) at path "_id" for model "Car"
2023-07-07T10:25:32.414Z error: Cast to ObjectId failed for value "undefined" (type string) at path "_id" for model "Car" Cast to ObjectId failed for value "undefined" (type string) at path "_id" for model "Car"
2023-07-07T10:25:32.426Z error: Cast to ObjectId failed for value "undefined" (type string) at path "_id" for model "Car" Cast to ObjectId failed for value "undefined" (type string) at path "_id" for model "Car"
2023-07-07T10:27:35.426Z error: Cast to ObjectId failed for value "undefined" (type string) at path "_id" for model "Car" Cast to ObjectId failed for value "undefined" (type string) at path "_id" for model "Car"
2023-07-07T10:27:35.482Z error: Cast to ObjectId failed for value "undefined" (type string) at path "_id" for model "Car" Cast to ObjectId failed for value "undefined" (type string) at path "_id" for model "Car"
2023-07-07T10:27:51.826Z error: Cast to ObjectId failed for value "undefined" (type string) at path "_id" for model "Car" Cast to ObjectId failed for value "undefined" (type string) at path "_id" for model "Car"
2023-07-07T10:28:08.076Z error: Cast to ObjectId failed for value "undefined" (type string) at path "_id" for model "Car" Cast to ObjectId failed for value "undefined" (type string) at path "_id" for model "Car"
2023-07-07T10:28:15.165Z error: Cast to ObjectId failed for value "undefined" (type string) at path "_id" for model "Car" Cast to ObjectId failed for value "undefined" (type string) at path "_id" for model "Car"
2023-07-07T10:28:15.171Z error: Cast to ObjectId failed for value "undefined" (type string) at path "_id" for model "Car" Cast to ObjectId failed for value "undefined" (type string) at path "_id" for model "Car"
2023-07-07T10:28:35.575Z error: Cast to ObjectId failed for value "undefined" (type string) at path "_id" for model "Car" Cast to ObjectId failed for value "undefined" (type string) at path "_id" for model "Car"
2023-07-07T10:29:02.367Z error: Cast to ObjectId failed for value "undefined" (type string) at path "_id" for model "Car" Cast to ObjectId failed for value "undefined" (type string) at path "_id" for model "Car"
2023-07-07T10:29:02.447Z error: Cast to ObjectId failed for value "undefined" (type string) at path "_id" for model "Car" Cast to ObjectId failed for value "undefined" (type string) at path "_id" for model "Car"
2023-07-07T10:29:09.740Z error: Cast to ObjectId failed for value "undefined" (type string) at path "_id" for model "Car" Cast to ObjectId failed for value "undefined" (type string) at path "_id" for model "Car"
2023-07-07T10:29:09.748Z error: Cast to ObjectId failed for value "undefined" (type string) at path "_id" for model "Car" Cast to ObjectId failed for value "undefined" (type string) at path "_id" for model "Car"
2023-07-07T10:29:29.836Z error: Cast to ObjectId failed for value "undefined" (type string) at path "_id" for model "Car" Cast to ObjectId failed for value "undefined" (type string) at path "_id" for model "Car"
2023-07-07T10:30:06.821Z error: Cast to ObjectId failed for value "undefined" (type string) at path "_id" for model "Car" Cast to ObjectId failed for value "undefined" (type string) at path "_id" for model "Car"
2023-07-07T10:30:11.856Z error: Cast to ObjectId failed for value "undefined" (type string) at path "_id" for model "Car" Cast to ObjectId failed for value "undefined" (type string) at path "_id" for model "Car"
2023-07-07T10:30:53.908Z error: Cast to ObjectId failed for value "undefined" (type string) at path "_id" for model "Car" Cast to ObjectId failed for value "undefined" (type string) at path "_id" for model "Car"
2023-07-07T10:31:37.831Z error: Cast to ObjectId failed for value "undefined" (type string) at path "_id" for model "Car" Cast to ObjectId failed for value "undefined" (type string) at path "_id" for model "Car"
2023-07-07T10:31:57.509Z error: Cast to ObjectId failed for value "undefined" (type string) at path "_id" for model "Car" Cast to ObjectId failed for value "undefined" (type string) at path "_id" for model "Car"
2023-07-07T10:31:57.517Z error: Cast to ObjectId failed for value "undefined" (type string) at path "_id" for model "Car" Cast to ObjectId failed for value "undefined" (type string) at path "_id" for model "Car"
2023-07-07T10:32:16.730Z error: Cast to ObjectId failed for value "undefined" (type string) at path "_id" for model "Car" Cast to ObjectId failed for value "undefined" (type string) at path "_id" for model "Car"
2023-07-07T10:32:16.777Z error: Cast to ObjectId failed for value "undefined" (type string) at path "_id" for model "Car" Cast to ObjectId failed for value "undefined" (type string) at path "_id" for model "Car"
2023-07-07T10:32:38.849Z error: Cast to ObjectId failed for value "undefined" (type string) at path "_id" for model "Car" Cast to ObjectId failed for value "undefined" (type string) at path "_id" for model "Car"
2023-07-07T10:33:06.893Z error: Cast to ObjectId failed for value "undefined" (type string) at path "_id" for model "Car" Cast to ObjectId failed for value "undefined" (type string) at path "_id" for model "Car"
2023-07-07T10:33:37.882Z error: Cast to ObjectId failed for value "undefined" (type string) at path "_id" for model "Car" Cast to ObjectId failed for value "undefined" (type string) at path "_id" for model "Car"
2023-07-07T10:34:02.667Z error: Cast to ObjectId failed for value "undefined" (type string) at path "_id" for model "Car" Cast to ObjectId failed for value "undefined" (type string) at path "_id" for model "Car"
2023-07-07T10:34:02.673Z error: Cast to ObjectId failed for value "undefined" (type string) at path "_id" for model "Car" Cast to ObjectId failed for value "undefined" (type string) at path "_id" for model "Car"
2023-07-07T15:42:05.356Z error: Operation `users.findOne()` buffering timed out after 10000ms Operation `users.findOne()` buffering timed out after 10000ms
2023-07-07T15:42:08.584Z error: Operation `users.findOne()` buffering timed out after 10000ms Operation `users.findOne()` buffering timed out after 10000ms
2023-07-16T07:35:30.538Z error: Cast to ObjectId failed for value "nfoNQOT85gaEoyk9nxXp" (type string) at path "_id" for model "Car" Cast to ObjectId failed for value "nfoNQOT85gaEoyk9nxXp" (type string) at path "_id" for model "Car"
2023-07-16T07:35:30.555Z error: Cast to ObjectId failed for value "nfoNQOT85gaEoyk9nxXp" (type string) at path "_id" for model "Car" Cast to ObjectId failed for value "nfoNQOT85gaEoyk9nxXp" (type string) at path "_id" for model "Car"
2023-07-19T08:32:35.119Z error: Cast to ObjectId failed for value "undefined" (type string) at path "_id" for model "Car" Cast to ObjectId failed for value "undefined" (type string) at path "_id" for model "Car"
2023-07-19T08:32:35.175Z error: Cast to ObjectId failed for value "undefined" (type string) at path "_id" for model "Car" Cast to ObjectId failed for value "undefined" (type string) at path "_id" for model "Car"
2023-07-19T09:03:34.151Z error: Cast to ObjectId failed for value "undefined" (type string) at path "_id" for model "Car" Cast to ObjectId failed for value "undefined" (type string) at path "_id" for model "Car"
2023-07-19T09:03:34.566Z error: Cast to ObjectId failed for value "undefined" (type string) at path "_id" for model "Car" Cast to ObjectId failed for value "undefined" (type string) at path "_id" for model "Car"
2023-07-19T09:03:55.751Z error: Cast to ObjectId failed for value "undefined" (type string) at path "_id" for model "Car" Cast to ObjectId failed for value "undefined" (type string) at path "_id" for model "Car"
2023-07-19T09:03:55.941Z error: Cast to ObjectId failed for value "undefined" (type string) at path "_id" for model "Car" Cast to ObjectId failed for value "undefined" (type string) at path "_id" for model "Car"
2023-07-19T09:04:35.439Z error: Cast to ObjectId failed for value "undefined" (type string) at path "_id" for model "Car" Cast to ObjectId failed for value "undefined" (type string) at path "_id" for model "Car"
2023-07-19T09:04:35.511Z error: Cast to ObjectId failed for value "undefined" (type string) at path "_id" for model "Car" Cast to ObjectId failed for value "undefined" (type string) at path "_id" for model "Car"
2023-07-19T09:04:47.836Z error: Cast to ObjectId failed for value "undefined" (type string) at path "_id" for model "Car" Cast to ObjectId failed for value "undefined" (type string) at path "_id" for model "Car"
2023-07-19T09:04:47.886Z error: Cast to ObjectId failed for value "undefined" (type string) at path "_id" for model "Car" Cast to ObjectId failed for value "undefined" (type string) at path "_id" for model "Car"
2023-07-19T09:31:11.154Z error: Cast to ObjectId failed for value "undefined" (type string) at path "_id" for model "Car" Cast to ObjectId failed for value "undefined" (type string) at path "_id" for model "Car"
2023-07-19T09:31:33.943Z error: Cast to ObjectId failed for value "undefined" (type string) at path "_id" for model "Car" Cast to ObjectId failed for value "undefined" (type string) at path "_id" for model "Car"
2023-07-19T09:31:33.990Z error: Cast to ObjectId failed for value "undefined" (type string) at path "_id" for model "Car" Cast to ObjectId failed for value "undefined" (type string) at path "_id" for model "Car"
